(---------------------------------------------------------------------)
(                                                                     )
(    ARTWORK LOG                                                      )
(                                                                     )
(    Drawing          : CC26xx_5x5_JohBal.brd                         )
(    Software Version : 16.6S021                                      )
(    Date/Time        : Tue Jun 28 07:27:49 2016                      )
(                                                                     )
(---------------------------------------------------------------------)


 ---- Photoplot outline rectangle not found; using drawing extents.



Results from parameter file ...
    DEVICE-TYPE           GERBER_RS274X
    OUTPUT-UNITS          MM
    FILM-SIZE             240000 160000
    FORMAT                4.4
    ABORT-ON-ERROR        NO
    SCALE                 1
    SUPPRESS-LEAD-ZEROES  YES
    SUPPRESS-TRAIL-ZEROES NO
    SUPPRESS-EQUAL        YES
    UNDEF-APT-CONT        NO


================================================================
     PROCESSING FILM < paste_top >
     TO FILE < C:/DesignSync_WORKDIR/evm/em/CC26xx/CC26xx_Customer_EM/5x5/Johanson_Balun/Cadence/Allegro/paste_top.art > ...
================================================================

  FILM PARAMETERS :
  ---------------------------------------------------------
  Undefined line width                0.020
  Mirror code                         NONE
  Rotate angle                        NONE
  Offset x:                           0.000
  Offset y:                           0.000
  Plot negative                       NO
  Suppress unconnected internal pads  NO
  Draw holes only                     NO



  APERTURES USED:
  ---------------------------------------------------------
  TYPE       SIZE/NAME                   ROT   MIRROR MODE 
  ---------------------------------------------------------
  CIRCLE     0.02000                                  DARK 
  CIRCLE     1.80100                                  DARK 
  SQUARE     3.55000                     0.000 NO     DARK 
  OBLONG     0.30000     x 0.80000       0.000 NO     DARK 
  OBLONG     0.30000     x 0.80000      90.000 NO     DARK 
  PAD SHAPE  SHAPE_2000RECT2000          0.000 NO     DARK 
  PAD SHAPE  SHAPE_540RECT550            0.000 NO     DARK 
  PAD SHAPE  SHAPE_950RECT1350           0.000 NO     DARK 
  PAD SHAPE  SHAPE_540RECT550           90.000 NO     DARK 
  PAD SHAPE  SHAPE_750RECT900           90.000 NO     DARK 
  PAD SHAPE  SHAPE_540RECT550          180.000 NO     DARK 
  PAD SHAPE  SHAPE_750RECT900          180.000 NO     DARK 
  PAD SHAPE  SHAPE_1050RECT1250        180.000 NO     DARK 
  PAD SHAPE  SHAPE_540RECT550          270.000 NO     DARK 
  PAD SHAPE  SHAPE_250RECT450          270.000 NO     DARK 
  PAD SHAPE  SHAPE_650RECT1350         270.000 NO     DARK 

     paste_top created.


================================================================
     PROCESSING FILM < paste_bottom >
     TO FILE < C:/DesignSync_WORKDIR/evm/em/CC26xx/CC26xx_Customer_EM/5x5/Johanson_Balun/Cadence/Allegro/paste_bottom.art > ...
================================================================

  FILM PARAMETERS :
  ---------------------------------------------------------
  Undefined line width                0.020
  Mirror code                         NONE
  Rotate angle                        NONE
  Offset x:                           0.000
  Offset y:                           0.000
  Plot negative                       NO
  Suppress unconnected internal pads  NO
  Draw holes only                     NO



  APERTURES USED:
  ---------------------------------------------------------
  TYPE       SIZE/NAME                   ROT   MIRROR MODE 
  ---------------------------------------------------------
  CIRCLE     0.02000                                  DARK 
  OBLONG     0.65000     x 2.05000      90.000 NO     DARK 

     paste_bottom created.


================================================================
     PROCESSING FILM < soldmask_top >
     TO FILE < C:/DesignSync_WORKDIR/evm/em/CC26xx/CC26xx_Customer_EM/5x5/Johanson_Balun/Cadence/Allegro/soldmask_top.art > ...
================================================================

  FILM PARAMETERS :
  ---------------------------------------------------------
  Undefined line width                0.020
  Mirror code                         NONE
  Rotate angle                        NONE
  Offset x:                           0.000
  Offset y:                           0.000
  Plot negative                       NO
  Suppress unconnected internal pads  NO
  Draw holes only                     NO



  APERTURES USED:
  ---------------------------------------------------------
  TYPE       SIZE/NAME                   ROT   MIRROR MODE 
  ---------------------------------------------------------
  CIRCLE     0.02000                                  DARK 
  CIRCLE     1.69900                                  DARK 
  CIRCLE     1.95100                                  DARK 
  SQUARE     3.70000                     0.000 NO     DARK 
  OBLONG     0.40000     x 0.90000       0.000 NO     DARK 
  OBLONG     0.40000     x 0.90000      90.000 NO     DARK 
  OBLONG     1.15000     x 1.15000       0.000 NO     DARK 
  PAD SHAPE  SHAPE_640RECT650            0.000 NO     DARK 
  PAD SHAPE  SHAPE_1100RECT1500          0.000 NO     DARK 
  PAD SHAPE  SHAPE_2150RECT2150          0.000 NO     DARK 
  PAD SHAPE  SHAPE_640RECT650           90.000 NO     DARK 
  PAD SHAPE  SHAPE_900RECT1050          90.000 NO     DARK 
  PAD SHAPE  SHAPE_640RECT650          180.000 NO     DARK 
  PAD SHAPE  SHAPE_1200RECT1400        180.000 NO     DARK 
  PAD SHAPE  SHAPE_900RECT1050         180.000 NO     DARK 
  PAD SHAPE  SHAPE_640RECT650          270.000 NO     DARK 
  PAD SHAPE  SHAPE_400RECT600          270.000 NO     DARK 
  PAD SHAPE  SHAPE_800RECT1500         270.000 NO     DARK 

     soldmask_top created.


================================================================
     PROCESSING FILM < soldmask_bottom >
     TO FILE < C:/DesignSync_WORKDIR/evm/em/CC26xx/CC26xx_Customer_EM/5x5/Johanson_Balun/Cadence/Allegro/soldmask_bottom.art > ...
================================================================

  FILM PARAMETERS :
  ---------------------------------------------------------
  Undefined line width                0.020
  Mirror code                         NONE
  Rotate angle                        NONE
  Offset x:                           0.000
  Offset y:                           0.000
  Plot negative                       NO
  Suppress unconnected internal pads  NO
  Draw holes only                     NO



  APERTURES USED:
  ---------------------------------------------------------
  TYPE       SIZE/NAME                   ROT   MIRROR MODE 
  ---------------------------------------------------------
  CIRCLE     0.02000                                  DARK 
  CIRCLE     0.60000                                  DARK 
  CIRCLE     1.69900                                  DARK 
  OBLONG     0.80000     x 2.20000      90.000 NO     DARK 
  OBLONG     1.15000     x 1.15000       0.000 NO     DARK 

     soldmask_bottom created.


================================================================
     PROCESSING FILM < silk_top >
     TO FILE < C:/DesignSync_WORKDIR/evm/em/CC26xx/CC26xx_Customer_EM/5x5/Johanson_Balun/Cadence/Allegro/silk_top.art > ...
================================================================

  FILM PARAMETERS :
  ---------------------------------------------------------
  Undefined line width                0.020
  Mirror code                         NONE
  Rotate angle                        NONE
  Offset x:                           0.000
  Offset y:                           0.000
  Plot negative                       NO
  Suppress unconnected internal pads  NO
  Draw holes only                     NO



  APERTURES USED:
  ---------------------------------------------------------
  TYPE       SIZE/NAME                   ROT   MIRROR MODE 
  ---------------------------------------------------------
  CIRCLE     0.02000                                  DARK 
  CIRCLE     0.05000                                  DARK 
  CIRCLE     0.10000                                  DARK 

     silk_top created.


================================================================
     PROCESSING FILM < silk_bottom >
     TO FILE < C:/DesignSync_WORKDIR/evm/em/CC26xx/CC26xx_Customer_EM/5x5/Johanson_Balun/Cadence/Allegro/silk_bottom.art > ...
================================================================

  FILM PARAMETERS :
  ---------------------------------------------------------
  Undefined line width                0.020
  Mirror code                         NONE
  Rotate angle                        NONE
  Offset x:                           0.000
  Offset y:                           0.000
  Plot negative                       NO
  Suppress unconnected internal pads  NO
  Draw holes only                     NO



  APERTURES USED:
  ---------------------------------------------------------
  TYPE       SIZE/NAME                   ROT   MIRROR MODE 
  ---------------------------------------------------------
  CIRCLE     0.02000                                  DARK 
  CIRCLE     0.10000                                  DARK 

     silk_bottom created.


================================================================
     PROCESSING FILM < assembly_bottom >
     TO FILE < C:/DesignSync_WORKDIR/evm/em/CC26xx/CC26xx_Customer_EM/5x5/Johanson_Balun/Cadence/Allegro/assembly_bottom.art > ...
================================================================

  FILM PARAMETERS :
  ---------------------------------------------------------
  Undefined line width                0.020
  Mirror code                         NONE
  Rotate angle                        NONE
  Offset x:                           0.000
  Offset y:                           0.000
  Plot negative                       NO
  Suppress unconnected internal pads  NO
  Draw holes only                     NO

    WARNING: 0 width line found at (111.657 98.849)
           ... using undefined line width of 0.020

    WARNING: Multiple 0 width lines; all will be treated the same as the first.
           ... using undefined line width of 0.020



  APERTURES USED:
  ---------------------------------------------------------
  TYPE       SIZE/NAME                   ROT   MIRROR MODE 
  ---------------------------------------------------------
  CIRCLE     0.02000                                  DARK 
  CIRCLE     0.10000                                  DARK 

     assembly_bottom created with warnings


================================================================
     PROCESSING FILM < assembly_top >
     TO FILE < C:/DesignSync_WORKDIR/evm/em/CC26xx/CC26xx_Customer_EM/5x5/Johanson_Balun/Cadence/Allegro/assembly_top.art > ...
================================================================

  FILM PARAMETERS :
  ---------------------------------------------------------
  Undefined line width                0.020
  Mirror code                         NONE
  Rotate angle                        NONE
  Offset x:                           0.000
  Offset y:                           0.000
  Plot negative                       NO
  Suppress unconnected internal pads  NO
  Draw holes only                     NO



  APERTURES USED:
  ---------------------------------------------------------
  TYPE       SIZE/NAME                   ROT   MIRROR MODE 
  ---------------------------------------------------------
  CIRCLE     0.02000                                  DARK 
  CIRCLE     0.05000                                  DARK 
  CIRCLE     0.10000                                  DARK 

     assembly_top created.


================================================================
     PROCESSING FILM < drill >
     TO FILE < C:/DesignSync_WORKDIR/evm/em/CC26xx/CC26xx_Customer_EM/5x5/Johanson_Balun/Cadence/Allegro/drill.art > ...
================================================================

  FILM PARAMETERS :
  ---------------------------------------------------------
  Undefined line width                0.020
  Mirror code                         NONE
  Rotate angle                        NONE
  Offset x:                           0.000
  Offset y:                           0.000
  Plot negative                       NO
  Suppress unconnected internal pads  NO
  Draw holes only                     NO

    WARNING: text composed 0 width line found at (149.218 224.208)
           ... using undefined line width of 0.020

    WARNING: text having Multiple 0 width lines; all will be treated the same as the first.
           ... using undefined line width of 0.020



  APERTURES USED:
  ---------------------------------------------------------
  TYPE       SIZE/NAME                   ROT   MIRROR MODE 
  ---------------------------------------------------------
  CIRCLE     0.02000                                  DARK 

     drill created with warnings


================================================================
     PROCESSING FILM < Top >
     TO FILE < C:/DesignSync_WORKDIR/evm/em/CC26xx/CC26xx_Customer_EM/5x5/Johanson_Balun/Cadence/Allegro/Top.art > ...
================================================================

  FILM PARAMETERS :
  ---------------------------------------------------------
  Undefined line width                0.020
  Mirror code                         NONE
  Rotate angle                        NONE
  Offset x:                           0.000
  Offset y:                           0.000
  Plot negative                       NO
  Suppress unconnected internal pads  NO
  Draw holes only                     NO

    WARNING: Film contains objects with associated DRCs (11).
           In the design editor view this film and enable visibility for the
           associated DRC layer. Verify the DRCs are approved exceptions to your rules.


  APERTURES USED:
  ---------------------------------------------------------
  TYPE       SIZE/NAME                   ROT   MIRROR MODE 
  ---------------------------------------------------------
  CIRCLE     0.02000                                  DARK 
  CIRCLE     0.09900                                  DARK 
  CIRCLE     0.15000                                  DARK 
  CIRCLE     0.20000                                  DARK 
  CIRCLE     0.30000                                  DARK 
  CIRCLE     0.40000                                  DARK 
  CIRCLE     0.50000                                  DARK 
  CIRCLE     0.60000                                  DARK 
  CIRCLE     1.80100                                  DARK 
  SQUARE     3.55000                     0.000 NO     DARK 
  RECTANGLE  0.46000     x 0.50000       0.000 NO     DARK 
  RECTANGLE  0.50000     x 1.00000      90.000 NO     DARK 
  OBLONG     0.30000     x 0.80000       0.000 NO     DARK 
  OBLONG     0.30000     x 0.80000      90.000 NO     DARK 
  OBLONG     1.00000     x 1.00000       0.000 NO     DARK 
  PAD SHAPE  SHAPE_540RECT550            0.000 NO     DARK 
  PAD SHAPE  SHAPE_950RECT1350           0.000 NO     DARK 
  PAD SHAPE  SHAPE_2000RECT2000          0.000 NO     DARK 
  PAD SHAPE  SHAPE_540RECT550           90.000 NO     DARK 
  PAD SHAPE  SHAPE_750RECT900           90.000 NO     DARK 
  PAD SHAPE  SHAPE_1050RECT1250        180.000 NO     DARK 
  PAD SHAPE  SHAPE_750RECT900          180.000 NO     DARK 
  PAD SHAPE  SHAPE_540RECT550          180.000 NO     DARK 
  PAD SHAPE  SHAPE_250RECT450          270.000 NO     DARK 
  PAD SHAPE  SHAPE_540RECT550          270.000 NO     DARK 
  PAD SHAPE  SHAPE_650RECT1350         270.000 NO     DARK 

     Top created with warnings


================================================================
     PROCESSING FILM < Bottom >
     TO FILE < C:/DesignSync_WORKDIR/evm/em/CC26xx/CC26xx_Customer_EM/5x5/Johanson_Balun/Cadence/Allegro/Bottom.art > ...
================================================================

  FILM PARAMETERS :
  ---------------------------------------------------------
  Undefined line width                0.020
  Mirror code                         NONE
  Rotate angle                        NONE
  Offset x:                           0.000
  Offset y:                           0.000
  Plot negative                       NO
  Suppress unconnected internal pads  NO
  Draw holes only                     NO

    WARNING: Film contains objects with associated DRCs (1).
           In the design editor view this film and enable visibility for the
           associated DRC layer. Verify the DRCs are approved exceptions to your rules.


  APERTURES USED:
  ---------------------------------------------------------
  TYPE       SIZE/NAME                   ROT   MIRROR MODE 
  ---------------------------------------------------------
  CIRCLE     0.02000                                  DARK 
  CIRCLE     0.09900                                  DARK 
  CIRCLE     0.15000                                  DARK 
  CIRCLE     0.20000                                  DARK 
  CIRCLE     0.30000                                  DARK 
  CIRCLE     0.50000                                  DARK 
  OBLONG     0.65000     x 2.05000      90.000 NO     DARK 
  OBLONG     1.00000     x 1.00000       0.000 NO     DARK 

     Bottom created with warnings


------------------------------------------------------
 SUMMARY:
        paste_top created.
        paste_bottom created.
        soldmask_top created.
        soldmask_bottom created.
        silk_top created.
        silk_bottom created.
        assembly_bottom created with warnings
        assembly_top created.
        drill created with warnings
        Top created with warnings
        Bottom created with warnings

 ARTWORK had warnings
